19:13:29.965 INFO  Execute path: /user/wellcome 
20:11:03.693 ERROR  
20:11:26.223 ERROR  
19:31:31.628 ERROR error.ErrorValue is not a function
{}
TypeError: error.ErrorValue is not a function
    at CreateUserController.<anonymous> (D:\FullStack\demo02\src\modules\users\controllers\create.user.controller.ts:27:54)
    at Generator.next (<anonymous>)
    at fulfilled (D:\FullStack\demo02\src\modules\users\controllers\create.user.controller.ts:5:58)
    at processTicksAndRejections (internal/process/task_queues.js:97:5) 
19:32:20.394 ERROR error.ErrorValue is not a function
{}
TypeError: error.ErrorValue is not a function
    at CreateUserController.<anonymous> (D:\FullStack\demo02\src\modules\users\controllers\create.user.controller.ts:27:54)
    at Generator.next (<anonymous>)
    at fulfilled (D:\FullStack\demo02\src\modules\users\controllers\create.user.controller.ts:5:58)
    at processTicksAndRejections (internal/process/task_queues.js:97:5) 
19:32:45.475 ERROR error.ErrorValue is not a function
{}
TypeError: error.ErrorValue is not a function
    at CreateUserController.<anonymous> (D:\FullStack\demo02\src\modules\users\controllers\create.user.controller.ts:27:54)
    at Generator.next (<anonymous>)
    at fulfilled (D:\FullStack\demo02\src\modules\users\controllers\create.user.controller.ts:5:58)
    at processTicksAndRejections (internal/process/task_queues.js:97:5) 
19:34:35.016 ERROR error.ErrorValue is not a function
{}
TypeError: error.ErrorValue is not a function
    at CreateUserController.<anonymous> (D:\FullStack\demo02\src\modules\users\controllers\create.user.controller.ts:27:54)
    at Generator.next (<anonymous>)
    at fulfilled (D:\FullStack\demo02\src\modules\users\controllers\create.user.controller.ts:5:58)
    at processTicksAndRejections (internal/process/task_queues.js:97:5) 
19:34:36.467 ERROR error.ErrorValue is not a function
{}
TypeError: error.ErrorValue is not a function
    at CreateUserController.<anonymous> (D:\FullStack\demo02\src\modules\users\controllers\create.user.controller.ts:27:54)
    at Generator.next (<anonymous>)
    at fulfilled (D:\FullStack\demo02\src\modules\users\controllers\create.user.controller.ts:5:58)
    at processTicksAndRejections (internal/process/task_queues.js:97:5) 
19:35:04.753 ERROR error.ErrorValue is not a function
{}
TypeError: error.ErrorValue is not a function
    at CreateUserController.<anonymous> (D:\FullStack\demo02\src\modules\users\controllers\create.user.controller.ts:27:54)
    at Generator.next (<anonymous>)
    at fulfilled (D:\FullStack\demo02\src\modules\users\controllers\create.user.controller.ts:5:58)
    at processTicksAndRejections (internal/process/task_queues.js:97:5) 
19:36:05.466 ERROR error.ErrorValue is not a function
{}
TypeError: error.ErrorValue is not a function
    at CreateUserController.<anonymous> (D:\FullStack\demo02\src\modules\users\controllers\create.user.controller.ts:27:54)
    at Generator.next (<anonymous>)
    at fulfilled (D:\FullStack\demo02\src\modules\users\controllers\create.user.controller.ts:5:58)
    at processTicksAndRejections (internal/process/task_queues.js:97:5) 
19:36:22.522 ERROR error.ErrorValue is not a function
{}
TypeError: error.ErrorValue is not a function
    at CreateUserController.<anonymous> (D:\FullStack\demo02\src\modules\users\controllers\create.user.controller.ts:27:54)
    at Generator.next (<anonymous>)
    at fulfilled (D:\FullStack\demo02\src\modules\users\controllers\create.user.controller.ts:5:58)
    at processTicksAndRejections (internal/process/task_queues.js:97:5) 
19:36:43.893 ERROR error.ErrorValue is not a function
{}
TypeError: error.ErrorValue is not a function
    at CreateUserController.<anonymous> (D:\FullStack\demo02\src\modules\users\controllers\create.user.controller.ts:27:54)
    at Generator.next (<anonymous>)
    at fulfilled (D:\FullStack\demo02\src\modules\users\controllers\create.user.controller.ts:5:58)
    at processTicksAndRejections (internal/process/task_queues.js:97:5) 
19:54:41.900 ERROR error.ErrorValue is not a function
{}
TypeError: error.ErrorValue is not a function
    at CreateUserController.<anonymous> (D:\FullStack\demo02\src\modules\users\controllers\create.user.controller.ts:27:54)
    at Generator.next (<anonymous>)
    at fulfilled (D:\FullStack\demo02\src\modules\users\controllers\create.user.controller.ts:5:58)
    at processTicksAndRejections (internal/process/task_queues.js:97:5) 
19:59:22.111 ERROR error.ErrorValue is not a function
{}
TypeError: error.ErrorValue is not a function
    at CreateUserController.<anonymous> (D:\FullStack\demo02\src\modules\users\controllers\create.user.controller.ts:27:54)
    at Generator.next (<anonymous>)
    at fulfilled (D:\FullStack\demo02\src\modules\users\controllers\create.user.controller.ts:5:58)
    at processTicksAndRejections (internal/process/task_queues.js:97:5) 
20:20:57.276 ERROR secretOrPrivateKey must have a value
{}
Error: secretOrPrivateKey must have a value
    at Object.module.exports (D:\FullStack\demo02\node_modules\jsonwebtoken\sign.js:107:20)
    at UserRepository.<anonymous> (D:\FullStack\demo02\src\modules\users\repository\user.repository.ts:73:31)
    at Generator.next (<anonymous>)
    at fulfilled (D:\FullStack\demo02\src\modules\users\repository\user.repository.ts:24:58) 
20:31:00.895 ERROR Cannot set headers after they are sent to the client
{"code":"ERR_HTTP_HEADERS_SENT"}
Error [ERR_HTTP_HEADERS_SENT]: Cannot set headers after they are sent to the client
    at ServerResponse.setHeader (_http_outgoing.js:526:11)
    at ServerResponse.header (D:\FullStack\demo02\node_modules\express\lib\response.js:771:10)
    at ServerResponse.send (D:\FullStack\demo02\node_modules\express\lib\response.js:170:12)
    at ServerResponse.json (D:\FullStack\demo02\node_modules\express\lib\response.js:267:15)
    at WellcomeUserController.ok (D:\FullStack\demo02\src\core\infra\base.controller.ts:29:41)
    at WellcomeUserController.executeImpl (D:\FullStack\demo02\src\modules\users\controllers\wellcome.user.controller.ts:12:25)
    at WellcomeUserController.<anonymous> (D:\FullStack\demo02\src\core\infra\base.controller.ts:14:24)
    at Generator.next (<anonymous>)
    at D:\FullStack\demo02\src\core\infra\base.controller.ts:8:71
    at new Promise (<anonymous>)
    at __awaiter (D:\FullStack\demo02\src\core\infra\base.controller.ts:4:12)
    at WellcomeUserController.execute (D:\FullStack\demo02\src\core\infra\base.controller.ts:17:16)
    at D:\FullStack\demo02\src\modules\users\routes\index.ts:16:42
    at Layer.handle [as handle_request] (D:\FullStack\demo02\node_modules\express\lib\router\layer.js:95:5)
    at next (D:\FullStack\demo02\node_modules\express\lib\router\route.js:137:13)
    at D:\FullStack\demo02\src\core\middleware\index.ts:15:9 
20:31:01.280 INFO  [BaseController]: Error ocurrido en el controlador 
20:31:01.280 ERROR Cannot set headers after they are sent to the client
{"code":"ERR_HTTP_HEADERS_SENT"}
Error [ERR_HTTP_HEADERS_SENT]: Cannot set headers after they are sent to the client
    at ServerResponse.setHeader (_http_outgoing.js:526:11)
    at ServerResponse.header (D:\FullStack\demo02\node_modules\express\lib\response.js:771:10)
    at ServerResponse.send (D:\FullStack\demo02\node_modules\express\lib\response.js:170:12)
    at ServerResponse.json (D:\FullStack\demo02\node_modules\express\lib\response.js:267:15)
    at WellcomeUserController.fail (D:\FullStack\demo02\src\core\infra\base.controller.ts:57:37)
    at WellcomeUserController.executeImpl (D:\FullStack\demo02\src\modules\users\controllers\wellcome.user.controller.ts:14:25)
    at WellcomeUserController.<anonymous> (D:\FullStack\demo02\src\core\infra\base.controller.ts:14:24)
    at Generator.next (<anonymous>)
    at D:\FullStack\demo02\src\core\infra\base.controller.ts:8:71
    at new Promise (<anonymous>)
    at __awaiter (D:\FullStack\demo02\src\core\infra\base.controller.ts:4:12)
    at WellcomeUserController.execute (D:\FullStack\demo02\src\core\infra\base.controller.ts:17:16)
    at D:\FullStack\demo02\src\modules\users\routes\index.ts:16:42
    at Layer.handle [as handle_request] (D:\FullStack\demo02\node_modules\express\lib\router\layer.js:95:5)
    at next (D:\FullStack\demo02\node_modules\express\lib\router\route.js:137:13)
    at D:\FullStack\demo02\src\core\middleware\index.ts:15:9 
17:22:03.189 ERROR Cannot set headers after they are sent to the client
{"code":"ERR_HTTP_HEADERS_SENT"}
Error [ERR_HTTP_HEADERS_SENT]: Cannot set headers after they are sent to the client
    at ServerResponse.setHeader (_http_outgoing.js:526:11)
    at ServerResponse.header (D:\FullStack\demo02\node_modules\express\lib\response.js:771:10)
    at ServerResponse.send (D:\FullStack\demo02\node_modules\express\lib\response.js:170:12)
    at ServerResponse.json (D:\FullStack\demo02\node_modules\express\lib\response.js:267:15)
    at ToggleActiveUserController.ok (D:\FullStack\demo02\src\core\infra\base.controller.ts:31:41)
    at ToggleActiveUserController.<anonymous> (D:\FullStack\demo02\src\modules\users\controllers\toggle.active.user.controller.ts:30:29)
    at Generator.next (<anonymous>)
    at fulfilled (D:\FullStack\demo02\src\modules\users\controllers\toggle.active.user.controller.ts:5:58)
    at processTicksAndRejections (internal/process/task_queues.js:97:5)
    at runNextTicks (internal/process/task_queues.js:66:3)
    at processImmediate (internal/timers.js:429:9) 
17:22:03.876 INFO  [BaseController]: Error ocurrido en el controlador 
17:22:03.876 ERROR Cannot set headers after they are sent to the client
{"code":"ERR_HTTP_HEADERS_SENT"}
Error [ERR_HTTP_HEADERS_SENT]: Cannot set headers after they are sent to the client
    at ServerResponse.setHeader (_http_outgoing.js:526:11)
    at ServerResponse.header (D:\FullStack\demo02\node_modules\express\lib\response.js:771:10)
    at ServerResponse.send (D:\FullStack\demo02\node_modules\express\lib\response.js:170:12)
    at ServerResponse.json (D:\FullStack\demo02\node_modules\express\lib\response.js:267:15)
    at ToggleActiveUserController.fail (D:\FullStack\demo02\src\core\infra\base.controller.ts:57:37)
    at ToggleActiveUserController.<anonymous> (D:\FullStack\demo02\src\modules\users\controllers\toggle.active.user.controller.ts:33:25)
    at Generator.next (<anonymous>)
    at fulfilled (D:\FullStack\demo02\src\modules\users\controllers\toggle.active.user.controller.ts:5:58)
    at processTicksAndRejections (internal/process/task_queues.js:97:5)
    at runNextTicks (internal/process/task_queues.js:66:3)
    at processImmediate (internal/timers.js:429:9) 
17:40:54.646 ERROR Cannot set headers after they are sent to the client
{"code":"ERR_HTTP_HEADERS_SENT"}
Error [ERR_HTTP_HEADERS_SENT]: Cannot set headers after they are sent to the client
    at ServerResponse.setHeader (_http_outgoing.js:526:11)
    at ServerResponse.header (D:\FullStack\demo02\node_modules\express\lib\response.js:771:10)
    at ServerResponse.send (D:\FullStack\demo02\node_modules\express\lib\response.js:170:12)
    at ServerResponse.json (D:\FullStack\demo02\node_modules\express\lib\response.js:267:15)
    at ToggleActiveUserController.ok (D:\FullStack\demo02\src\core\infra\base.controller.ts:31:41)
    at ToggleActiveUserController.<anonymous> (D:\FullStack\demo02\src\modules\users\controllers\toggle.active.user.controller.ts:30:29)
    at Generator.next (<anonymous>)
    at fulfilled (D:\FullStack\demo02\src\modules\users\controllers\toggle.active.user.controller.ts:5:58)
    at processTicksAndRejections (internal/process/task_queues.js:97:5)
    at runNextTicks (internal/process/task_queues.js:66:3)
    at processImmediate (internal/timers.js:429:9) 
17:40:54.951 INFO  [BaseController]: Error ocurrido en el controlador 
17:40:54.951 ERROR Cannot set headers after they are sent to the client
{"code":"ERR_HTTP_HEADERS_SENT"}
Error [ERR_HTTP_HEADERS_SENT]: Cannot set headers after they are sent to the client
    at ServerResponse.setHeader (_http_outgoing.js:526:11)
    at ServerResponse.header (D:\FullStack\demo02\node_modules\express\lib\response.js:771:10)
    at ServerResponse.send (D:\FullStack\demo02\node_modules\express\lib\response.js:170:12)
    at ServerResponse.json (D:\FullStack\demo02\node_modules\express\lib\response.js:267:15)
    at ToggleActiveUserController.fail (D:\FullStack\demo02\src\core\infra\base.controller.ts:57:37)
    at ToggleActiveUserController.<anonymous> (D:\FullStack\demo02\src\modules\users\controllers\toggle.active.user.controller.ts:33:25)
    at Generator.next (<anonymous>)
    at fulfilled (D:\FullStack\demo02\src\modules\users\controllers\toggle.active.user.controller.ts:5:58)
    at processTicksAndRejections (internal/process/task_queues.js:97:5)
    at runNextTicks (internal/process/task_queues.js:66:3)
    at processImmediate (internal/timers.js:429:9) 
18:14:57.566 ERROR Cannot set headers after they are sent to the client
{"code":"ERR_HTTP_HEADERS_SENT"}
Error [ERR_HTTP_HEADERS_SENT]: Cannot set headers after they are sent to the client
    at ServerResponse.setHeader (_http_outgoing.js:526:11)
    at ServerResponse.header (D:\FullStack\demo02\node_modules\express\lib\response.js:771:10)
    at ServerResponse.send (D:\FullStack\demo02\node_modules\express\lib\response.js:170:12)
    at ServerResponse.json (D:\FullStack\demo02\node_modules\express\lib\response.js:267:15)
    at ToggleActiveUserController.ok (D:\FullStack\demo02\src\core\infra\base.controller.ts:31:41)
    at ToggleActiveUserController.<anonymous> (D:\FullStack\demo02\src\modules\users\controllers\toggle.active.user.controller.ts:30:29)
    at Generator.next (<anonymous>)
    at fulfilled (D:\FullStack\demo02\src\modules\users\controllers\toggle.active.user.controller.ts:5:58)
    at processTicksAndRejections (internal/process/task_queues.js:97:5)
    at runNextTicks (internal/process/task_queues.js:66:3)
    at processImmediate (internal/timers.js:429:9) 
18:14:57.612 INFO  [BaseController]: Error ocurrido en el controlador 
18:14:57.612 ERROR Cannot set headers after they are sent to the client
{"code":"ERR_HTTP_HEADERS_SENT"}
Error [ERR_HTTP_HEADERS_SENT]: Cannot set headers after they are sent to the client
    at ServerResponse.setHeader (_http_outgoing.js:526:11)
    at ServerResponse.header (D:\FullStack\demo02\node_modules\express\lib\response.js:771:10)
    at ServerResponse.send (D:\FullStack\demo02\node_modules\express\lib\response.js:170:12)
    at ServerResponse.json (D:\FullStack\demo02\node_modules\express\lib\response.js:267:15)
    at ToggleActiveUserController.fail (D:\FullStack\demo02\src\core\infra\base.controller.ts:57:37)
    at ToggleActiveUserController.<anonymous> (D:\FullStack\demo02\src\modules\users\controllers\toggle.active.user.controller.ts:33:25)
    at Generator.next (<anonymous>)
    at fulfilled (D:\FullStack\demo02\src\modules\users\controllers\toggle.active.user.controller.ts:5:58)
    at processTicksAndRejections (internal/process/task_queues.js:97:5)
    at runNextTicks (internal/process/task_queues.js:66:3)
    at processImmediate (internal/timers.js:429:9) 
18:26:19.177 ERROR Cannot set headers after they are sent to the client
{"code":"ERR_HTTP_HEADERS_SENT"}
Error [ERR_HTTP_HEADERS_SENT]: Cannot set headers after they are sent to the client
    at ServerResponse.setHeader (_http_outgoing.js:526:11)
    at ServerResponse.header (D:\FullStack\demo02\node_modules\express\lib\response.js:771:10)
    at ServerResponse.send (D:\FullStack\demo02\node_modules\express\lib\response.js:170:12)
    at ServerResponse.json (D:\FullStack\demo02\node_modules\express\lib\response.js:267:15)
    at ToggleActiveUserController.ok (D:\FullStack\demo02\src\core\infra\base.controller.ts:31:41)
    at ToggleActiveUserController.<anonymous> (D:\FullStack\demo02\src\modules\users\controllers\toggle.active.user.controller.ts:30:29)
    at Generator.next (<anonymous>)
    at fulfilled (D:\FullStack\demo02\src\modules\users\controllers\toggle.active.user.controller.ts:5:58)
    at processTicksAndRejections (internal/process/task_queues.js:97:5)
    at runNextTicks (internal/process/task_queues.js:66:3)
    at processImmediate (internal/timers.js:429:9) 
18:26:19.749 INFO  [BaseController]: Error ocurrido en el controlador 
18:26:19.749 ERROR Cannot set headers after they are sent to the client
{"code":"ERR_HTTP_HEADERS_SENT"}
Error [ERR_HTTP_HEADERS_SENT]: Cannot set headers after they are sent to the client
    at ServerResponse.setHeader (_http_outgoing.js:526:11)
    at ServerResponse.header (D:\FullStack\demo02\node_modules\express\lib\response.js:771:10)
    at ServerResponse.send (D:\FullStack\demo02\node_modules\express\lib\response.js:170:12)
    at ServerResponse.json (D:\FullStack\demo02\node_modules\express\lib\response.js:267:15)
    at ToggleActiveUserController.fail (D:\FullStack\demo02\src\core\infra\base.controller.ts:57:37)
    at ToggleActiveUserController.<anonymous> (D:\FullStack\demo02\src\modules\users\controllers\toggle.active.user.controller.ts:33:25)
    at Generator.next (<anonymous>)
    at fulfilled (D:\FullStack\demo02\src\modules\users\controllers\toggle.active.user.controller.ts:5:58)
    at processTicksAndRejections (internal/process/task_queues.js:97:5)
    at runNextTicks (internal/process/task_queues.js:66:3)
    at processImmediate (internal/timers.js:429:9) 
18:27:16.818 ERROR Cannot set headers after they are sent to the client
{"code":"ERR_HTTP_HEADERS_SENT"}
Error [ERR_HTTP_HEADERS_SENT]: Cannot set headers after they are sent to the client
    at ServerResponse.setHeader (_http_outgoing.js:526:11)
    at ServerResponse.header (D:\FullStack\demo02\node_modules\express\lib\response.js:771:10)
    at ServerResponse.send (D:\FullStack\demo02\node_modules\express\lib\response.js:170:12)
    at ServerResponse.json (D:\FullStack\demo02\node_modules\express\lib\response.js:267:15)
    at ToggleActiveUserController.ok (D:\FullStack\demo02\src\core\infra\base.controller.ts:31:41)
    at ToggleActiveUserController.<anonymous> (D:\FullStack\demo02\src\modules\users\controllers\toggle.active.user.controller.ts:30:29)
    at Generator.next (<anonymous>)
    at fulfilled (D:\FullStack\demo02\src\modules\users\controllers\toggle.active.user.controller.ts:5:58)
    at processTicksAndRejections (internal/process/task_queues.js:97:5)
    at runNextTicks (internal/process/task_queues.js:66:3)
    at processImmediate (internal/timers.js:429:9) 
18:27:17.153 INFO  [BaseController]: Error ocurrido en el controlador 
18:27:17.153 ERROR Cannot set headers after they are sent to the client
{"code":"ERR_HTTP_HEADERS_SENT"}
Error [ERR_HTTP_HEADERS_SENT]: Cannot set headers after they are sent to the client
    at ServerResponse.setHeader (_http_outgoing.js:526:11)
    at ServerResponse.header (D:\FullStack\demo02\node_modules\express\lib\response.js:771:10)
    at ServerResponse.send (D:\FullStack\demo02\node_modules\express\lib\response.js:170:12)
    at ServerResponse.json (D:\FullStack\demo02\node_modules\express\lib\response.js:267:15)
    at ToggleActiveUserController.fail (D:\FullStack\demo02\src\core\infra\base.controller.ts:57:37)
    at ToggleActiveUserController.<anonymous> (D:\FullStack\demo02\src\modules\users\controllers\toggle.active.user.controller.ts:33:25)
    at Generator.next (<anonymous>)
    at fulfilled (D:\FullStack\demo02\src\modules\users\controllers\toggle.active.user.controller.ts:5:58)
    at processTicksAndRejections (internal/process/task_queues.js:97:5)
    at runNextTicks (internal/process/task_queues.js:66:3)
    at processImmediate (internal/timers.js:429:9) 
18:41:32.943 ERROR error.ErrorValue is not a function
{}
TypeError: error.ErrorValue is not a function
    at ChangePasswordUserController.<anonymous> (D:\FullStack\demo02\src\modules\users\controllers\change.password.user.controller.ts:27:54)
    at Generator.next (<anonymous>)
    at fulfilled (D:\FullStack\demo02\src\modules\users\controllers\change.password.user.controller.ts:5:58)
    at processTicksAndRejections (internal/process/task_queues.js:97:5)
    at runNextTicks (internal/process/task_queues.js:66:3)
    at processImmediate (internal/timers.js:429:9) 
20:00:22.860 ERROR error.ErrorValue is not a function
{}
TypeError: error.ErrorValue is not a function
    at CreateClientController.<anonymous> (C:\Users\victor.alzugarate\Documents\Capacitacion_Certicamara\fullstack_certicamara-master\src\modules\clients\controllers\create.client.controller.ts:20:54)
    at Generator.next (<anonymous>)
    at fulfilled (C:\Users\victor.alzugarate\Documents\Capacitacion_Certicamara\fullstack_certicamara-master\src\modules\clients\controllers\create.client.controller.ts:5:58)
    at processTicksAndRejections (internal/process/task_queues.js:97:5) 
17:47:01.755 ERROR Cannot read property 'createTransactionRepo' of undefined
{}
TypeError: Cannot read property 'createTransactionRepo' of undefined
    at TransactionService.<anonymous> (C:\Users\victor.alzugarate\Documents\Capacitacion_Certicamara\fullstack_certicamara-master\src\modules\transactions\services\transaction.service.ts:13:44)
    at Generator.next (<anonymous>)
    at C:\Users\victor.alzugarate\Documents\Capacitacion_Certicamara\fullstack_certicamara-master\src\modules\transactions\services\transaction.service.ts:8:71
    at new Promise (<anonymous>)
    at __awaiter (C:\Users\victor.alzugarate\Documents\Capacitacion_Certicamara\fullstack_certicamara-master\src\modules\transactions\services\transaction.service.ts:4:12)
    at TransactionService.createTransactionService (C:\Users\victor.alzugarate\Documents\Capacitacion_Certicamara\fullstack_certicamara-master\src\modules\transactions\services\transaction.service.ts:16:16)
    at CreateTransactionController.<anonymous> (C:\Users\victor.alzugarate\Documents\Capacitacion_Certicamara\fullstack_certicamara-master\src\modules\transactions\controllers\create.transaction.controller.ts:16:58)
    at Generator.next (<anonymous>)
    at C:\Users\victor.alzugarate\Documents\Capacitacion_Certicamara\fullstack_certicamara-master\src\modules\transactions\controllers\create.transaction.controller.ts:8:71
    at new Promise (<anonymous>)
    at __awaiter (C:\Users\victor.alzugarate\Documents\Capacitacion_Certicamara\fullstack_certicamara-master\src\modules\transactions\controllers\create.transaction.controller.ts:4:12)
    at CreateTransactionController.executeImpl (C:\Users\victor.alzugarate\Documents\Capacitacion_Certicamara\fullstack_certicamara-master\src\modules\transactions\controllers\create.transaction.controller.ts:20:16)
    at CreateTransactionController.<anonymous> (C:\Users\victor.alzugarate\Documents\Capacitacion_Certicamara\fullstack_certicamara-master\src\core\infra\base.controller.ts:14:24)
    at Generator.next (<anonymous>)
    at C:\Users\victor.alzugarate\Documents\Capacitacion_Certicamara\fullstack_certicamara-master\src\core\infra\base.controller.ts:8:71
    at new Promise (<anonymous>) 
